=== CEC ===
Время: 0.370238 | Событие: продвижение | Станок: A3 | Деталь: 2 | Шаг: 0
Время: 0.509012 | Событие: продвижение | Станок: A1 | Деталь: 1 | Шаг: 0
Время: 0.627192 | Событие: продвижение | Станок: A2 | Деталь: 2 | Шаг: 1
Время: 0.765456 | Событие: продвижение | Станок: A1 | Деталь: 2 | Шаг: 2
Время: 0.797375 | Событие: продвижение | Станок: A3 | Деталь: 2 | Шаг: 0
Время: 0.960410 | Событие: продвижение | Станок: A2 | Деталь: 1 | Шаг: 1
Время: 1.003886 | Событие: продвижение | Станок: A1 | Деталь: 1 | Шаг: 0
Время: 1.035897 | Событие: продвижение | Станок: A2 | Деталь: 2 | Шаг: 1
Деталь 2 отправлена на склад, это деталь номер 1
Время: 1.086293 | Событие: продвижение | Станок: A3 | Деталь: 1 | Шаг: 2
Время: 1.193176 | Событие: продвижение | Станок: A3 | Деталь: 2 | Шаг: 0
Время: 1.206934 | Событие: продвижение | Станок: A1 | Деталь: 2 | Шаг: 2
Деталь 1 отправлена на склад, это деталь номер 2
Время: 1.384324 | Событие: продвижение | Станок: A1 | Деталь: 1 | Шаг: 0
Время: 1.413422 | Событие: продвижение | Станок: A2 | Деталь: 1 | Шаг: 1
Время: 1.509936 | Событие: продвижение | Станок: A2 | Деталь: 2 | Шаг: 1
Время: 1.511617 | Событие: продвижение | Станок: A3 | Деталь: 1 | Шаг: 2
Время: 1.570641 | Событие: продвижение | Станок: A1 | Деталь: 2 | Шаг: 2
Деталь 2 отправлена на склад, это деталь номер 3
Время: 1.640958 | Событие: продвижение | Станок: A3 | Деталь: 2 | Шаг: 0
Деталь 1 отправлена на склад, это деталь номер 4
Деталь 2 отправлена на склад, это деталь номер 5
Время: 1.877783 | Событие: продвижение | Станок: A1 | Деталь: 1 | Шаг: 0
Время: 2.034066 | Событие: продвижение | Станок: A3 | Деталь: 2 | Шаг: 0
Время: 2.179587 | Событие: продвижение | Станок: A2 | Деталь: 1 | Шаг: 1
Время: 2.260163 | Событие: продвижение | Станок: A3 | Деталь: 1 | Шаг: 2
Время: 2.283869 | Событие: продвижение | Станок: A2 | Деталь: 2 | Шаг: 1
Время: 2.315256 | Событие: продвижение | Станок: A1 | Деталь: 1 | Шаг: 0
Время: 2.407897 | Событие: продвижение | Станок: A1 | Деталь: 2 | Шаг: 2
Время: 2.505655 | Событие: продвижение | Станок: A2 | Деталь: 1 | Шаг: 1
Время: 2.572461 | Событие: продвижение | Станок: A2 | Деталь: 2 | Шаг: 1
Время: 2.582264 | Событие: продвижение | Станок: A3 | Деталь: 2 | Шаг: 0
Время: 2.590155 | Событие: продвижение | Станок: A3 | Деталь: 1 | Шаг: 2
Деталь 2 отправлена на склад, это деталь номер 6
Деталь 1 отправлена на склад, это деталь номер 7
Время: 2.752121 | Событие: продвижение | Станок: A1 | Деталь: 1 | Шаг: 0
Время: 2.815951 | Событие: продвижение | Станок: A1 | Деталь: 2 | Шаг: 2
Время: 3.067663 | Событие: продвижение | Станок: A2 | Деталь: 1 | Шаг: 1
Время: 3.095782 | Событие: продвижение | Станок: A2 | Деталь: 2 | Шаг: 1
Время: 3.123625 | Событие: продвижение | Станок: A3 | Деталь: 2 | Шаг: 0
Время: 3.164481 | Событие: продвижение | Станок: A3 | Деталь: 1 | Шаг: 2
Время: 3.235543 | Событие: продвижение | Станок: A1 | Деталь: 1 | Шаг: 0
Время: 3.236884 | Событие: продвижение | Станок: A1 | Деталь: 2 | Шаг: 2
Деталь 1 отправлена на склад, это деталь номер 8
Деталь 2 отправлена на склад, это деталь номер 9
Деталь 2 отправлена на склад, это деталь номер 10
Время: 3.526076 | Событие: продвижение | Станок: A2 | Деталь: 2 | Шаг: 1
Время: 3.589745 | Событие: продвижение | Станок: A3 | Деталь: 2 | Шаг: 0
Время: 3.707624 | Событие: продвижение | Станок: A1 | Деталь: 2 | Шаг: 2
Время: 3.764484 | Событие: продвижение | Станок: A1 | Деталь: 1 | Шаг: 0
Время: 3.809542 | Событие: продвижение | Станок: A2 | Деталь: 1 | Шаг: 1
Деталь 1 отправлена на склад, это деталь номер 11
Время: 3.929762 | Событие: продвижение | Станок: A3 | Деталь: 1 | Шаг: 2
Деталь 2 отправлена на склад, это деталь номер 12
Время: 4.021364 | Событие: продвижение | Станок: A3 | Деталь: 2 | Шаг: 0
Время: 4.080678 | Событие: продвижение | Станок: A2 | Деталь: 2 | Шаг: 1
Время: 4.177736 | Событие: продвижение | Станок: A1 | Деталь: 1 | Шаг: 0
Время: 4.179398 | Событие: продвижение | Станок: A1 | Деталь: 2 | Шаг: 2
Время: 4.278792 | Событие: продвижение | Станок: A3 | Деталь: 2 | Шаг: 0
Время: 4.283244 | Событие: продвижение | Станок: A2 | Деталь: 1 | Шаг: 1
Время: 4.315768 | Событие: продвижение | Станок: A2 | Деталь: 2 | Шаг: 1
Время: 4.372744 | Событие: продвижение | Станок: A3 | Деталь: 1 | Шаг: 2
Деталь 2 отправлена на склад, это деталь номер 13
Время: 4.497098 | Событие: продвижение | Станок: A1 | Деталь: 2 | Шаг: 2
Время: 4.535454 | Событие: продвижение | Станок: A1 | Деталь: 1 | Шаг: 0
Время: 4.666916 | Событие: продвижение | Станок: A2 | Деталь: 2 | Шаг: 1
Время: 4.673421 | Событие: продвижение | Станок: A3 | Деталь: 2 | Шаг: 0
Время: 4.702037 | Событие: продвижение | Станок: A1 | Деталь: 2 | Шаг: 2
Время: 4.844113 | Событие: продвижение | Станок: A2 | Деталь: 1 | Шаг: 1
Деталь 1 отправлена на склад, это деталь номер 14
Время: 4.915974 | Событие: продвижение | Станок: A1 | Деталь: 1 | Шаг: 0
Время: 4.981273 | Событие: продвижение | Станок: A3 | Деталь: 1 | Шаг: 2
Деталь 2 отправлена на склад, это деталь номер 15
Время: 5.123617 | Событие: продвижение | Станок: A2 | Деталь: 2 | Шаг: 1
Деталь 2 отправлена на склад, это деталь номер 16
Время: 5.215960 | Событие: продвижение | Станок: A1 | Деталь: 2 | Шаг: 2
Время: 5.229932 | Событие: продвижение | Станок: A3 | Деталь: 2 | Шаг: 0
Время: 5.237137 | Событие: продвижение | Станок: A1 | Деталь: 1 | Шаг: 0
Деталь 1 отправлена на склад, это деталь номер 17
Время: 5.472039 | Событие: продвижение | Станок: A3 | Деталь: 2 | Шаг: 0
Время: 5.511658 | Событие: продвижение | Станок: A1 | Деталь: 1 | Шаг: 0
Время: 5.547880 | Событие: продвижение | Станок: A2 | Деталь: 1 | Шаг: 1
Время: 5.581431 | Событие: продвижение | Станок: A2 | Деталь: 2 | Шаг: 1
Время: 5.623912 | Событие: продвижение | Станок: A3 | Деталь: 1 | Шаг: 2
Время: 5.658524 | Событие: продвижение | Станок: A1 | Деталь: 2 | Шаг: 2
Деталь 2 отправлена на склад, это деталь номер 18
Время: 5.745807 | Событие: продвижение | Станок: A2 | Деталь: 2 | Шаг: 1
Время: 5.792009 | Событие: продвижение | Станок: A1 | Деталь: 1 | Шаг: 0
Деталь 2 отправлена на склад, это деталь номер 19
Время: 5.813142 | Событие: продвижение | Станок: A1 | Деталь: 2 | Шаг: 2
Время: 5.905673 | Событие: продвижение | Станок: A3 | Деталь: 2 | Шаг: 0
Деталь 1 отправлена на склад, это деталь номер 20
Время: 6.156913 | Событие: продвижение | Станок: A3 | Деталь: 2 | Шаг: 0
Время: 6.189554 | Событие: продвижение | Станок: A2 | Деталь: 2 | Шаг: 1
Время: 6.201775 | Событие: продвижение | Станок: A1 | Деталь: 1 | Шаг: 0
Время: 6.203849 | Событие: продвижение | Станок: A2 | Деталь: 1 | Шаг: 1
Время: 6.268042 | Событие: продвижение | Станок: A1 | Деталь: 2 | Шаг: 2
Деталь 2 отправлена на склад, это деталь номер 21
Время: 6.343776 | Событие: продвижение | Станок: A2 | Деталь: 2 | Шаг: 1
Время: 6.360274 | Событие: продвижение | Станок: A3 | Деталь: 1 | Шаг: 2
Время: 6.471503 | Событие: продвижение | Станок: A1 | Деталь: 2 | Шаг: 2
Деталь 2 отправлена на склад, это деталь номер 22
Время: 6.535101 | Событие: продвижение | Станок: A3 | Деталь: 2 | Шаг: 0
Деталь 1 отправлена на склад, это деталь номер 23
Время: 6.665142 | Событие: продвижение | Станок: A1 | Деталь: 1 | Шаг: 0
Деталь 2 отправлена на склад, это деталь номер 24
Время: 6.784049 | Событие: продвижение | Станок: A2 | Деталь: 2 | Шаг: 1
Время: 6.836742 | Событие: продвижение | Станок: A3 | Деталь: 2 | Шаг: 0
Время: 6.919497 | Событие: продвижение | Станок: A2 | Деталь: 1 | Шаг: 1
Время: 6.962878 | Событие: продвижение | Станок: A1 | Деталь: 2 | Шаг: 2
Время: 6.999860 | Событие: продвижение | Станок: A1 | Деталь: 1 | Шаг: 0
Время: 7.067105 | Событие: продвижение | Станок: A3 | Деталь: 1 | Шаг: 2
Деталь 1 отправлена на склад, это деталь номер 25
Время: 7.190074 | Событие: продвижение | Станок: A3 | Деталь: 2 | Шаг: 0
Время: 7.356100 | Событие: продвижение | Станок: A2 | Деталь: 1 | Шаг: 1
Время: 7.421333 | Событие: продвижение | Станок: A3 | Деталь: 1 | Шаг: 2
Время: 7.440450 | Событие: продвижение | Станок: A2 | Деталь: 2 | Шаг: 1
Время: 7.479419 | Событие: продвижение | Станок: A1 | Деталь: 1 | Шаг: 0
Время: 7.483365 | Событие: продвижение | Станок: A1 | Деталь: 2 | Шаг: 2
Деталь 2 отправлена на склад, это деталь номер 26
Время: 7.591244 | Событие: продвижение | Станок: A2 | Деталь: 2 | Шаг: 1
Время: 7.657255 | Событие: продвижение | Станок: A3 | Деталь: 2 | Шаг: 0
Деталь 2 отправлена на склад, это деталь номер 27
Время: 7.698373 | Событие: продвижение | Станок: A1 | Деталь: 2 | Шаг: 2
Деталь 1 отправлена на склад, это деталь номер 28
Время: 7.921030 | Событие: продвижение | Станок: A1 | Деталь: 1 | Шаг: 0
Время: 7.969556 | Событие: продвижение | Станок: A2 | Деталь: 2 | Шаг: 1
Время: 8.027166 | Событие: продвижение | Станок: A1 | Деталь: 2 | Шаг: 2

=== Itogovaya statistika ===
Vsego obrabotano sobytiy: 128
Vsego zavershyonnyh detalei: 28
