=== FEC ===
Добавление в календарь
 Время: 0.509012 | Станок:A1 | Событие: прибытие | Запланировано событий: 1
Добавление в календарь
 Время: 0.370238 | Станок:A3 | Событие: прибытие | Запланировано событий: 2
Удаление из календаря
 Время: 0.370238 | Станок:A3 | Событие: прибытие | Запланировано событий: 1
Добавление в календарь
 Время: 0.797375 | Станок:A3 | Событие: прибытие | Запланировано событий: 2
Добавление в календарь
 Время: 0.627192 | Станок:A3 | Событие: завершение_обработки | Запланировано событий: 3
Удаление из календаря
 Время: 0.509012 | Станок:A1 | Событие: прибытие | Запланировано событий: 2
Добавление в календарь
 Время: 1.003886 | Станок:A1 | Событие: прибытие | Запланировано событий: 3
Добавление в календарь
 Время: 0.960410 | Станок:A1 | Событие: завершение_обработки | Запланировано событий: 4
Удаление из календаря
 Время: 0.627192 | Станок:A3 | Событие: завершение_обработки | Запланировано событий: 3
Добавление в календарь
 Время: 0.765456 | Станок:A2 | Событие: завершение_обработки | Запланировано событий: 4
Удаление из календаря
 Время: 0.765456 | Станок:A2 | Событие: завершение_обработки | Запланировано событий: 3
Удаление из календаря
 Время: 0.797375 | Станок:A3 | Событие: прибытие | Запланировано событий: 2
Добавление в календарь
 Время: 1.193176 | Станок:A3 | Событие: прибытие | Запланировано событий: 3
Добавление в календарь
 Время: 1.035897 | Станок:A3 | Событие: завершение_обработки | Запланировано событий: 4
Удаление из календаря
 Время: 0.960410 | Станок:A1 | Событие: завершение_обработки | Запланировано событий: 3
Добавление в календарь
 Время: 1.076393 | Станок:A1 | Событие: завершение_обработки | Запланировано событий: 4
Добавление в календарь
 Время: 1.086293 | Станок:A2 | Событие: завершение_обработки | Запланировано событий: 5
Удаление из календаря
 Время: 1.003886 | Станок:A1 | Событие: прибытие | Запланировано событий: 4
Добавление в календарь
 Время: 1.384324 | Станок:A1 | Событие: прибытие | Запланировано событий: 5
Удаление из календаря
 Время: 1.035897 | Станок:A3 | Событие: завершение_обработки | Запланировано событий: 4
Удаление из календаря
 Время: 1.076393 | Станок:A1 | Событие: завершение_обработки | Запланировано событий: 3
Добавление в календарь
 Время: 1.413422 | Станок:A1 | Событие: завершение_обработки | Запланировано событий: 4
Удаление из календаря
 Время: 1.086293 | Станок:A2 | Событие: завершение_обработки | Запланировано событий: 3
Добавление в календарь
 Время: 1.206934 | Станок:A2 | Событие: завершение_обработки | Запланировано событий: 4
Добавление в календарь
 Время: 1.323666 | Станок:A3 | Событие: завершение_обработки | Запланировано событий: 5
Удаление из календаря
 Время: 1.193176 | Станок:A3 | Событие: прибытие | Запланировано событий: 4
Добавление в календарь
 Время: 1.640958 | Станок:A3 | Событие: прибытие | Запланировано событий: 5
Удаление из календаря
 Время: 1.206934 | Станок:A2 | Событие: завершение_обработки | Запланировано событий: 4
Удаление из календаря
 Время: 1.323666 | Станок:A3 | Событие: завершение_обработки | Запланировано событий: 3
Добавление в календарь
 Время: 1.509936 | Станок:A3 | Событие: завершение_обработки | Запланировано событий: 4
Удаление из календаря
 Время: 1.384324 | Станок:A1 | Событие: прибытие | Запланировано событий: 3
Добавление в календарь
 Время: 1.877783 | Станок:A1 | Событие: прибытие | Запланировано событий: 4
Удаление из календаря
 Время: 1.413422 | Станок:A1 | Событие: завершение_обработки | Запланировано событий: 3
Добавление в календарь
 Время: 1.628705 | Станок:A1 | Событие: завершение_обработки | Запланировано событий: 4
Добавление в календарь
 Время: 1.511617 | Станок:A2 | Событие: завершение_обработки | Запланировано событий: 5
Удаление из календаря
 Время: 1.509936 | Станок:A3 | Событие: завершение_обработки | Запланировано событий: 4
Удаление из календаря
 Время: 1.511617 | Станок:A2 | Событие: завершение_обработки | Запланировано событий: 3
Добавление в календарь
 Время: 1.570641 | Станок:A2 | Событие: завершение_обработки | Запланировано событий: 4
Добавление в календарь
 Время: 1.809150 | Станок:A3 | Событие: завершение_обработки | Запланировано событий: 5
Удаление из календаря
 Время: 1.570641 | Станок:A2 | Событие: завершение_обработки | Запланировано событий: 4
Удаление из календаря
 Время: 1.628705 | Станок:A1 | Событие: завершение_обработки | Запланировано событий: 3
Добавление в календарь
 Время: 1.837701 | Станок:A1 | Событие: завершение_обработки | Запланировано событий: 4
Удаление из календаря
 Время: 1.640958 | Станок:A3 | Событие: прибытие | Запланировано событий: 3
Добавление в календарь
 Время: 2.034066 | Станок:A3 | Событие: прибытие | Запланировано событий: 4
Удаление из календаря
 Время: 1.809150 | Станок:A3 | Событие: завершение_обработки | Запланировано событий: 3
Добавление в календарь
 Время: 2.283869 | Станок:A3 | Событие: завершение_обработки | Запланировано событий: 4
Удаление из календаря
 Время: 1.837701 | Станок:A1 | Событие: завершение_обработки | Запланировано событий: 3
Добавление в календарь
 Время: 2.179587 | Станок:A1 | Событие: завершение_обработки | Запланировано событий: 4
Удаление из календаря
 Время: 1.877783 | Станок:A1 | Событие: прибытие | Запланировано событий: 3
Добавление в календарь
 Время: 2.315256 | Станок:A1 | Событие: прибытие | Запланировано событий: 4
Удаление из календаря
 Время: 2.034066 | Станок:A3 | Событие: прибытие | Запланировано событий: 3
Добавление в календарь
 Время: 2.582264 | Станок:A3 | Событие: прибытие | Запланировано событий: 4
Удаление из календаря
 Время: 2.179587 | Станок:A1 | Событие: завершение_обработки | Запланировано событий: 3
Добавление в календарь
 Время: 2.505655 | Станок:A1 | Событие: завершение_обработки | Запланировано событий: 4
Добавление в календарь
 Время: 2.260163 | Станок:A2 | Событие: завершение_обработки | Запланировано событий: 5
Удаление из календаря
 Время: 2.260163 | Станок:A2 | Событие: завершение_обработки | Запланировано событий: 4
Удаление из календаря
 Время: 2.283869 | Станок:A3 | Событие: завершение_обработки | Запланировано событий: 3
Добавление в календарь
 Время: 2.572461 | Станок:A3 | Событие: завершение_обработки | Запланировано событий: 4
Добавление в календарь
 Время: 2.407897 | Станок:A2 | Событие: завершение_обработки | Запланировано событий: 5
Удаление из календаря
 Время: 2.315256 | Станок:A1 | Событие: прибытие | Запланировано событий: 4
Добавление в календарь
 Время: 2.752121 | Станок:A1 | Событие: прибытие | Запланировано событий: 5
Удаление из календаря
 Время: 2.407897 | Станок:A2 | Событие: завершение_обработки | Запланировано событий: 4
Удаление из календаря
 Время: 2.505655 | Станок:A1 | Событие: завершение_обработки | Запланировано событий: 3
Добавление в календарь
 Время: 2.686284 | Станок:A1 | Событие: завершение_обработки | Запланировано событий: 4
Добавление в календарь
 Время: 2.590155 | Станок:A2 | Событие: завершение_обработки | Запланировано событий: 5
Удаление из календаря
 Время: 2.572461 | Станок:A3 | Событие: завершение_обработки | Запланировано событий: 4
Добавление в календарь
 Время: 2.707995 | Станок:A3 | Событие: завершение_обработки | Запланировано событий: 5
Удаление из календаря
 Время: 2.582264 | Станок:A3 | Событие: прибытие | Запланировано событий: 4
Добавление в календарь
 Время: 3.123625 | Станок:A3 | Событие: прибытие | Запланировано событий: 5
Удаление из календаря
 Время: 2.590155 | Станок:A2 | Событие: завершение_обработки | Запланировано событий: 4
Добавление в календарь
 Время: 2.815951 | Станок:A2 | Событие: завершение_обработки | Запланировано событий: 5
Удаление из календаря
 Время: 2.686284 | Станок:A1 | Событие: завершение_обработки | Запланировано событий: 4
Добавление в календарь
 Время: 3.067663 | Станок:A1 | Событие: завершение_обработки | Запланировано событий: 5
Удаление из календаря
 Время: 2.707995 | Станок:A3 | Событие: завершение_обработки | Запланировано событий: 4
Добавление в календарь
 Время: 3.095782 | Станок:A3 | Событие: завершение_обработки | Запланировано событий: 5
Удаление из календаря
 Время: 2.752121 | Станок:A1 | Событие: прибытие | Запланировано событий: 4
Добавление в календарь
 Время: 3.235543 | Станок:A1 | Событие: прибытие | Запланировано событий: 5
Удаление из календаря
 Время: 2.815951 | Станок:A2 | Событие: завершение_обработки | Запланировано событий: 4
Удаление из календаря
 Время: 3.067663 | Станок:A1 | Событие: завершение_обработки | Запланировано событий: 3
Добавление в календарь
 Время: 3.255947 | Станок:A1 | Событие: завершение_обработки | Запланировано событий: 4
Добавление в календарь
 Время: 3.164481 | Станок:A2 | Событие: завершение_обработки | Запланировано событий: 5
Удаление из календаря
 Время: 3.095782 | Станок:A3 | Событие: завершение_обработки | Запланировано событий: 4
Добавление в календарь
 Время: 3.237473 | Станок:A3 | Событие: завершение_обработки | Запланировано событий: 5
Удаление из календаря
 Время: 3.123625 | Станок:A3 | Событие: прибытие | Запланировано событий: 4
Добавление в календарь
 Время: 3.589745 | Станок:A3 | Событие: прибытие | Запланировано событий: 5
Удаление из календаря
 Время: 3.164481 | Станок:A2 | Событие: завершение_обработки | Запланировано событий: 4
Добавление в календарь
 Время: 3.236884 | Станок:A2 | Событие: завершение_обработки | Запланировано событий: 5
Удаление из календаря
 Время: 3.235543 | Станок:A1 | Событие: прибытие | Запланировано событий: 4
Добавление в календарь
 Время: 3.764484 | Станок:A1 | Событие: прибытие | Запланировано событий: 5
Удаление из календаря
 Время: 3.236884 | Станок:A2 | Событие: завершение_обработки | Запланировано событий: 4
Удаление из календаря
 Время: 3.237473 | Станок:A3 | Событие: завершение_обработки | Запланировано событий: 3
Добавление в календарь
 Время: 3.526076 | Станок:A3 | Событие: завершение_обработки | Запланировано событий: 4
Удаление из календаря
 Время: 3.255947 | Станок:A1 | Событие: завершение_обработки | Запланировано событий: 3
Добавление в календарь
 Время: 3.487138 | Станок:A1 | Событие: завершение_обработки | Запланировано событий: 4
Удаление из календаря
 Время: 3.487138 | Станок:A1 | Событие: завершение_обработки | Запланировано событий: 3
Добавление в календарь
 Время: 3.809542 | Станок:A1 | Событие: завершение_обработки | Запланировано событий: 4
Удаление из календаря
 Время: 3.526076 | Станок:A3 | Событие: завершение_обработки | Запланировано событий: 3
Добавление в календарь
 Время: 3.874612 | Станок:A3 | Событие: завершение_обработки | Запланировано событий: 4
Добавление в календарь
 Время: 3.707624 | Станок:A2 | Событие: завершение_обработки | Запланировано событий: 5
Удаление из календаря
 Время: 3.589745 | Станок:A3 | Событие: прибытие | Запланировано событий: 4
Добавление в календарь
 Время: 4.021364 | Станок:A3 | Событие: прибытие | Запланировано событий: 5
Удаление из календаря
 Время: 3.707624 | Станок:A2 | Событие: завершение_обработки | Запланировано событий: 4
Удаление из календаря
 Время: 3.764484 | Станок:A1 | Событие: прибытие | Запланировано событий: 3
Добавление в календарь
 Время: 4.177736 | Станок:A1 | Событие: прибытие | Запланировано событий: 4
Удаление из календаря
 Время: 3.809542 | Станок:A1 | Событие: завершение_обработки | Запланировано событий: 3
Добавление в календарь
 Время: 4.011173 | Станок:A1 | Событие: завершение_обработки | Запланировано событий: 4
Добавление в календарь
 Время: 3.929762 | Станок:A2 | Событие: завершение_обработки | Запланировано событий: 5
Удаление из календаря
 Время: 3.874612 | Станок:A3 | Событие: завершение_обработки | Запланировано событий: 4
Добавление в календарь
 Время: 4.080678 | Станок:A3 | Событие: завершение_обработки | Запланировано событий: 5
Удаление из календаря
 Время: 3.929762 | Станок:A2 | Событие: завершение_обработки | Запланировано событий: 4
Удаление из календаря
 Время: 4.011173 | Станок:A1 | Событие: завершение_обработки | Запланировано событий: 3
Добавление в календарь
 Время: 4.283244 | Станок:A1 | Событие: завершение_обработки | Запланировано событий: 4
Удаление из календаря
 Время: 4.021364 | Станок:A3 | Событие: прибытие | Запланировано событий: 3
Добавление в календарь
 Время: 4.278792 | Станок:A3 | Событие: прибытие | Запланировано событий: 4
Удаление из календаря
 Время: 4.080678 | Станок:A3 | Событие: завершение_обработки | Запланировано событий: 3
Добавление в календарь
 Время: 4.315768 | Станок:A3 | Событие: завершение_обработки | Запланировано событий: 4
Добавление в календарь
 Время: 4.179398 | Станок:A2 | Событие: завершение_обработки | Запланировано событий: 5
Удаление из календаря
 Время: 4.177736 | Станок:A1 | Событие: прибытие | Запланировано событий: 4
Добавление в календарь
 Время: 4.535454 | Станок:A1 | Событие: прибытие | Запланировано событий: 5
Удаление из календаря
 Время: 4.179398 | Станок:A2 | Событие: завершение_обработки | Запланировано событий: 4
Удаление из календаря
 Время: 4.278792 | Станок:A3 | Событие: прибытие | Запланировано событий: 3
Добавление в календарь
 Время: 4.673421 | Станок:A3 | Событие: прибытие | Запланировано событий: 4
Удаление из календаря
 Время: 4.283244 | Станок:A1 | Событие: завершение_обработки | Запланировано событий: 3
Добавление в календарь
 Время: 4.472537 | Станок:A1 | Событие: завершение_обработки | Запланировано событий: 4
Добавление в календарь
 Время: 4.372744 | Станок:A2 | Событие: завершение_обработки | Запланировано событий: 5
Удаление из календаря
 Время: 4.315768 | Станок:A3 | Событие: завершение_обработки | Запланировано событий: 4
Добавление в календарь
 Время: 4.666916 | Станок:A3 | Событие: завершение_обработки | Запланировано событий: 5
Удаление из календаря
 Время: 4.372744 | Станок:A2 | Событие: завершение_обработки | Запланировано событий: 4
Добавление в календарь
 Время: 4.497098 | Станок:A2 | Событие: завершение_обработки | Запланировано событий: 5
Удаление из календаря
 Время: 4.472537 | Станок:A1 | Событие: завершение_обработки | Запланировано событий: 4
Добавление в календарь
 Время: 4.844113 | Станок:A1 | Событие: завершение_обработки | Запланировано событий: 5
Удаление из календаря
 Время: 4.497098 | Станок:A2 | Событие: завершение_обработки | Запланировано событий: 4
Удаление из календаря
 Время: 4.535454 | Станок:A1 | Событие: прибытие | Запланировано событий: 3
Добавление в календарь
 Время: 4.915974 | Станок:A1 | Событие: прибытие | Запланировано событий: 4
Удаление из календаря
 Время: 4.666916 | Станок:A3 | Событие: завершение_обработки | Запланировано событий: 3
Добавление в календарь
 Время: 4.869592 | Станок:A3 | Событие: завершение_обработки | Запланировано событий: 4
Добавление в календарь
 Время: 4.702037 | Станок:A2 | Событие: завершение_обработки | Запланировано событий: 5
Удаление из календаря
 Время: 4.673421 | Станок:A3 | Событие: прибытие | Запланировано событий: 4
Добавление в календарь
 Время: 5.229932 | Станок:A3 | Событие: прибытие | Запланировано событий: 5
Удаление из календаря
 Время: 4.702037 | Станок:A2 | Событие: завершение_обработки | Запланировано событий: 4
Удаление из календаря
 Время: 4.844113 | Станок:A1 | Событие: завершение_обработки | Запланировано событий: 3
Добавление в календарь
 Время: 5.042332 | Станок:A1 | Событие: завершение_обработки | Запланировано событий: 4
Добавление в календарь
 Время: 4.981273 | Станок:A2 | Событие: завершение_обработки | Запланировано событий: 5
Удаление из календаря
 Время: 4.869592 | Станок:A3 | Событие: завершение_обработки | Запланировано событий: 4
Добавление в календарь
 Время: 5.123617 | Станок:A3 | Событие: завершение_обработки | Запланировано событий: 5
Удаление из календаря
 Время: 4.915974 | Станок:A1 | Событие: прибытие | Запланировано событий: 4
Добавление в календарь
 Время: 5.237137 | Станок:A1 | Событие: прибытие | Запланировано событий: 5
Удаление из календаря
 Время: 4.981273 | Станок:A2 | Событие: завершение_обработки | Запланировано событий: 4
Удаление из календаря
 Время: 5.042332 | Станок:A1 | Событие: завершение_обработки | Запланировано событий: 3
Добавление в календарь
 Время: 5.197547 | Станок:A1 | Событие: завершение_обработки | Запланировано событий: 4
Удаление из календаря
 Время: 5.123617 | Станок:A3 | Событие: завершение_обработки | Запланировано событий: 3
Добавление в календарь
 Время: 5.336698 | Станок:A3 | Событие: завершение_обработки | Запланировано событий: 4
Добавление в календарь
 Время: 5.215960 | Станок:A2 | Событие: завершение_обработки | Запланировано событий: 5
Удаление из календаря
 Время: 5.197547 | Станок:A1 | Событие: завершение_обработки | Запланировано событий: 4
Добавление в календарь
 Время: 5.547880 | Станок:A1 | Событие: завершение_обработки | Запланировано событий: 5
Удаление из календаря
 Время: 5.215960 | Станок:A2 | Событие: завершение_обработки | Запланировано событий: 4
Удаление из календаря
 Время: 5.229932 | Станок:A3 | Событие: прибытие | Запланировано событий: 3
Добавление в календарь
 Время: 5.472039 | Станок:A3 | Событие: прибытие | Запланировано событий: 4
Удаление из календаря
 Время: 5.237137 | Станок:A1 | Событие: прибытие | Запланировано событий: 3
Добавление в календарь
 Время: 5.511658 | Станок:A1 | Событие: прибытие | Запланировано событий: 4
Удаление из календаря
 Время: 5.336698 | Станок:A3 | Событие: завершение_обработки | Запланировано событий: 3
Добавление в календарь
 Время: 5.581431 | Станок:A3 | Событие: завершение_обработки | Запланировано событий: 4
Удаление из календаря
 Время: 5.472039 | Станок:A3 | Событие: прибытие | Запланировано событий: 3
Добавление в календарь
 Время: 5.905673 | Станок:A3 | Событие: прибытие | Запланировано событий: 4
Удаление из календаря
 Время: 5.511658 | Станок:A1 | Событие: прибытие | Запланировано событий: 3
Добавление в календарь
 Время: 5.792009 | Станок:A1 | Событие: прибытие | Запланировано событий: 4
Удаление из календаря
 Время: 5.547880 | Станок:A1 | Событие: завершение_обработки | Запланировано событий: 3
Добавление в календарь
 Время: 5.676954 | Станок:A1 | Событие: завершение_обработки | Запланировано событий: 4
Добавление в календарь
 Время: 5.623912 | Станок:A2 | Событие: завершение_обработки | Запланировано событий: 5
Удаление из календаря
 Время: 5.581431 | Станок:A3 | Событие: завершение_обработки | Запланировано событий: 4
Добавление в календарь
 Время: 5.745807 | Станок:A3 | Событие: завершение_обработки | Запланировано событий: 5
Удаление из календаря
 Время: 5.623912 | Станок:A2 | Событие: завершение_обработки | Запланировано событий: 4
Добавление в календарь
 Время: 5.658524 | Станок:A2 | Событие: завершение_обработки | Запланировано событий: 5
Удаление из календаря
 Время: 5.658524 | Станок:A2 | Событие: завершение_обработки | Запланировано событий: 4
Удаление из календаря
 Время: 5.676954 | Станок:A1 | Событие: завершение_обработки | Запланировано событий: 3
Добавление в календарь
 Время: 5.801812 | Станок:A1 | Событие: завершение_обработки | Запланировано событий: 4
Удаление из календаря
 Время: 5.745807 | Станок:A3 | Событие: завершение_обработки | Запланировано событий: 3
Добавление в календарь
 Время: 6.077247 | Станок:A3 | Событие: завершение_обработки | Запланировано событий: 4
Добавление в календарь
 Время: 5.813142 | Станок:A2 | Событие: завершение_обработки | Запланировано событий: 5
Удаление из календаря
 Время: 5.792009 | Станок:A1 | Событие: прибытие | Запланировано событий: 4
Добавление в календарь
 Время: 6.201775 | Станок:A1 | Событие: прибытие | Запланировано событий: 5
Удаление из календаря
 Время: 5.801812 | Станок:A1 | Событие: завершение_обработки | Запланировано событий: 4
Добавление в календарь
 Время: 6.203849 | Станок:A1 | Событие: завершение_обработки | Запланировано событий: 5
Удаление из календаря
 Время: 5.813142 | Станок:A2 | Событие: завершение_обработки | Запланировано событий: 4
Удаление из календаря
 Время: 5.905673 | Станок:A3 | Событие: прибытие | Запланировано событий: 3
Добавление в календарь
 Время: 6.156913 | Станок:A3 | Событие: прибытие | Запланировано событий: 4
Удаление из календаря
 Время: 6.077247 | Станок:A3 | Событие: завершение_обработки | Запланировано событий: 3
Добавление в календарь
 Время: 6.189554 | Станок:A3 | Событие: завершение_обработки | Запланировано событий: 4
Удаление из календаря
 Время: 6.156913 | Станок:A3 | Событие: прибытие | Запланировано событий: 3
Добавление в календарь
 Время: 6.535101 | Станок:A3 | Событие: прибытие | Запланировано событий: 4
Удаление из календаря
 Время: 6.189554 | Станок:A3 | Событие: завершение_обработки | Запланировано событий: 3
Добавление в календарь
 Время: 6.343776 | Станок:A3 | Событие: завершение_обработки | Запланировано событий: 4
Добавление в календарь
 Время: 6.268042 | Станок:A2 | Событие: завершение_обработки | Запланировано событий: 5
Удаление из календаря
 Время: 6.201775 | Станок:A1 | Событие: прибытие | Запланировано событий: 4
Добавление в календарь
 Время: 6.665142 | Станок:A1 | Событие: прибытие | Запланировано событий: 5
Удаление из календаря
 Время: 6.203849 | Станок:A1 | Событие: завершение_обработки | Запланировано событий: 4
Добавление в календарь
 Время: 6.301171 | Станок:A1 | Событие: завершение_обработки | Запланировано событий: 5
Удаление из календаря
 Время: 6.268042 | Станок:A2 | Событие: завершение_обработки | Запланировано событий: 4
Добавление в календарь
 Время: 6.360274 | Станок:A2 | Событие: завершение_обработки | Запланировано событий: 5
Удаление из календаря
 Время: 6.301171 | Станок:A1 | Событие: завершение_обработки | Запланировано событий: 4
Добавление в календарь
 Время: 6.472278 | Станок:A1 | Событие: завершение_обработки | Запланировано событий: 5
Удаление из календаря
 Время: 6.343776 | Станок:A3 | Событие: завершение_обработки | Запланировано событий: 4
Добавление в календарь
 Время: 6.586258 | Станок:A3 | Событие: завершение_обработки | Запланировано событий: 5
Удаление из календаря
 Время: 6.360274 | Станок:A2 | Событие: завершение_обработки | Запланировано событий: 4
Добавление в календарь
 Время: 6.471503 | Станок:A2 | Событие: завершение_обработки | Запланировано событий: 5
Удаление из календаря
 Время: 6.471503 | Станок:A2 | Событие: завершение_обработки | Запланировано событий: 4
Удаление из календаря
 Время: 6.472278 | Станок:A1 | Событие: завершение_обработки | Запланировано событий: 3
Добавление в календарь
 Время: 6.704429 | Станок:A1 | Событие: завершение_обработки | Запланировано событий: 4
Удаление из календаря
 Время: 6.535101 | Станок:A3 | Событие: прибытие | Запланировано событий: 3
Добавление в календарь
 Время: 6.836742 | Станок:A3 | Событие: прибытие | Запланировано событий: 4
Удаление из календаря
 Время: 6.586258 | Станок:A3 | Событие: завершение_обработки | Запланировано событий: 3
Добавление в календарь
 Время: 6.784049 | Станок:A3 | Событие: завершение_обработки | Запланировано событий: 4
Удаление из календаря
 Время: 6.665142 | Станок:A1 | Событие: прибытие | Запланировано событий: 3
Добавление в календарь
 Время: 6.999860 | Станок:A1 | Событие: прибытие | Запланировано событий: 4
Удаление из календаря
 Время: 6.704429 | Станок:A1 | Событие: завершение_обработки | Запланировано событий: 3
Добавление в календарь
 Время: 6.919497 | Станок:A1 | Событие: завершение_обработки | Запланировано событий: 4
Удаление из календаря
 Время: 6.784049 | Станок:A3 | Событие: завершение_обработки | Запланировано событий: 3
Добавление в календарь
 Время: 7.144662 | Станок:A3 | Событие: завершение_обработки | Запланировано событий: 4
Добавление в календарь
 Время: 6.962878 | Станок:A2 | Событие: завершение_обработки | Запланировано событий: 5
Удаление из календаря
 Время: 6.836742 | Станок:A3 | Событие: прибытие | Запланировано событий: 4
Добавление в календарь
 Время: 7.190074 | Станок:A3 | Событие: прибытие | Запланировано событий: 5
Удаление из календаря
 Время: 6.919497 | Станок:A1 | Событие: завершение_обработки | Запланировано событий: 4
Добавление в календарь
 Время: 7.356100 | Станок:A1 | Событие: завершение_обработки | Запланировано событий: 5
Удаление из календаря
 Время: 6.962878 | Станок:A2 | Событие: завершение_обработки | Запланировано событий: 4
Добавление в календарь
 Время: 7.067105 | Станок:A2 | Событие: завершение_обработки | Запланировано событий: 5
Удаление из календаря
 Время: 6.999860 | Станок:A1 | Событие: прибытие | Запланировано событий: 4
Добавление в календарь
 Время: 7.479419 | Станок:A1 | Событие: прибытие | Запланировано событий: 5
Удаление из календаря
 Время: 7.067105 | Станок:A2 | Событие: завершение_обработки | Запланировано событий: 4
Удаление из календаря
 Время: 7.144662 | Станок:A3 | Событие: завершение_обработки | Запланировано событий: 3
Добавление в календарь
 Время: 7.440450 | Станок:A3 | Событие: завершение_обработки | Запланировано событий: 4
Удаление из календаря
 Время: 7.190074 | Станок:A3 | Событие: прибытие | Запланировано событий: 3
Добавление в календарь
 Время: 7.657255 | Станок:A3 | Событие: прибытие | Запланировано событий: 4
Удаление из календаря
 Время: 7.356100 | Станок:A1 | Событие: завершение_обработки | Запланировано событий: 3
Добавление в календарь
 Время: 7.514222 | Станок:A1 | Событие: завершение_обработки | Запланировано событий: 4
Добавление в календарь
 Время: 7.421333 | Станок:A2 | Событие: завершение_обработки | Запланировано событий: 5
Удаление из календаря
 Время: 7.421333 | Станок:A2 | Событие: завершение_обработки | Запланировано событий: 4
Удаление из календаря
 Время: 7.440450 | Станок:A3 | Событие: завершение_обработки | Запланировано событий: 3
Добавление в календарь
 Время: 7.591244 | Станок:A3 | Событие: завершение_обработки | Запланировано событий: 4
Добавление в календарь
 Время: 7.483365 | Станок:A2 | Событие: завершение_обработки | Запланировано событий: 5
Удаление из календаря
 Время: 7.479419 | Станок:A1 | Событие: прибытие | Запланировано событий: 4
Добавление в календарь
 Время: 7.921030 | Станок:A1 | Событие: прибытие | Запланировано событий: 5
Удаление из календаря
 Время: 7.483365 | Станок:A2 | Событие: завершение_обработки | Запланировано событий: 4
Удаление из календаря
 Время: 7.514222 | Станок:A1 | Событие: завершение_обработки | Запланировано событий: 3
Добавление в календарь
 Время: 7.663333 | Станок:A1 | Событие: завершение_обработки | Запланировано событий: 4
Удаление из календаря
 Время: 7.591244 | Станок:A3 | Событие: завершение_обработки | Запланировано событий: 3
Добавление в календарь
 Время: 7.755799 | Станок:A3 | Событие: завершение_обработки | Запланировано событий: 4
Добавление в календарь
 Время: 7.698373 | Станок:A2 | Событие: завершение_обработки | Запланировано событий: 5
Удаление из календаря
 Время: 7.657255 | Станок:A3 | Событие: прибытие | Запланировано событий: 4
Добавление в календарь
 Время: 8.066221 | Станок:A3 | Событие: прибытие | Запланировано событий: 5
Удаление из календаря
 Время: 7.663333 | Станок:A1 | Событие: завершение_обработки | Запланировано событий: 4
Добавление в календарь
 Время: 8.047656 | Станок:A1 | Событие: завершение_обработки | Запланировано событий: 5
Удаление из календаря
 Время: 7.698373 | Станок:A2 | Событие: завершение_обработки | Запланировано событий: 4
Удаление из календаря
 Время: 7.755799 | Станок:A3 | Событие: завершение_обработки | Запланировано событий: 3
Добавление в календарь
 Время: 7.969556 | Станок:A3 | Событие: завершение_обработки | Запланировано событий: 4
Удаление из календаря
 Время: 7.921030 | Станок:A1 | Событие: прибытие | Запланировано событий: 3
Добавление в календарь
 Время: 8.306398 | Станок:A1 | Событие: прибытие | Запланировано событий: 4
Удаление из календаря
 Время: 7.969556 | Станок:A3 | Событие: завершение_обработки | Запланировано событий: 3
Добавление в календарь
 Время: 8.146421 | Станок:A3 | Событие: завершение_обработки | Запланировано событий: 4
Добавление в календарь
 Время: 8.027166 | Станок:A2 | Событие: завершение_обработки | Запланировано событий: 5
Удаление из календаря
 Время: 8.027166 | Станок:A2 | Событие: завершение_обработки | Запланировано событий: 4
